::1 - - "2020-05-05 02:28:01" http://mabasan.kemdikbud.go.id/index.php/MABASAN/article/view/310 200 "Mozilla/5.0 (Windows NT 10.0; Win64; x64) AppleWebKit/537.36 (KHTML, like Gecko) Chrome/81.0.4044.129 Safari/537.36"
::1 - - "2020-05-05 02:28:10" http://mabasan.kemdikbud.go.id/index.php/MABASAN/article/view/310 200 "Mozilla/5.0 (Windows NT 10.0; Win64; x64) AppleWebKit/537.36 (KHTML, like Gecko) Chrome/81.0.4044.129 Safari/537.36"
::1 administrative 1 "2020-05-05 02:47:22" http://mabasan.kemdikbud.go.id/index.php/MABASAN/index 200 "Mozilla/5.0 (Windows NT 10.0; Win64; x64) AppleWebKit/537.36 (KHTML, like Gecko) Chrome/81.0.4044.129 Safari/537.36"
::1 administrative 1 "2020-05-05 02:47:27" http://mabasan.kemdikbud.go.id/index.php/MABASAN/index 200 "Mozilla/5.0 (Windows NT 10.0; Win64; x64) AppleWebKit/537.36 (KHTML, like Gecko) Chrome/81.0.4044.129 Safari/537.36"
::1 administrative 1 "2020-05-05 02:49:15" http://mabasan.kemdikbud.go.id/index.php/MABASAN/index 200 "Mozilla/5.0 (Windows NT 10.0; Win64; x64) AppleWebKit/537.36 (KHTML, like Gecko) Chrome/81.0.4044.129 Safari/537.36"
::1 administrative 1 "2020-05-05 02:49:17" http://mabasan.kemdikbud.go.id/index.php/MABASAN/article/view/249 200 "Mozilla/5.0 (Windows NT 10.0; Win64; x64) AppleWebKit/537.36 (KHTML, like Gecko) Chrome/81.0.4044.129 Safari/537.36"
::1 administrative 1 "2020-05-05 02:49:38" http://mabasan.kemdikbud.go.id/index.php/MABASAN/issue/view/36 200 "Mozilla/5.0 (Windows NT 10.0; Win64; x64) AppleWebKit/537.36 (KHTML, like Gecko) Chrome/81.0.4044.129 Safari/537.36"
::1 administrative 1 "2020-05-05 02:50:08" http://mabasan.kemdikbud.go.id/index.php/MABASAN/article/view/249 200 "Mozilla/5.0 (Windows NT 10.0; Win64; x64) AppleWebKit/537.36 (KHTML, like Gecko) Chrome/81.0.4044.129 Safari/537.36"
::1 administrative 1 "2020-05-05 02:51:13" http://mabasan.kemdikbud.go.id/index.php/MABASAN/article/view/249 200 "Mozilla/5.0 (Windows NT 10.0; Win64; x64) AppleWebKit/537.36 (KHTML, like Gecko) Chrome/81.0.4044.129 Safari/537.36"
::1 administrative 1 "2020-05-05 02:54:45" http://mabasan.kemdikbud.go.id/index.php/MABASAN/article/view/249 200 "Mozilla/5.0 (Windows NT 10.0; Win64; x64) AppleWebKit/537.36 (KHTML, like Gecko) Chrome/81.0.4044.129 Safari/537.36"
::1 administrative 1 "2020-05-05 02:54:47" http://mabasan.kemdikbud.go.id/index.php/MABASAN/article/view/249 200 "Mozilla/5.0 (Windows NT 10.0; Win64; x64) AppleWebKit/537.36 (KHTML, like Gecko) Chrome/81.0.4044.129 Safari/537.36"
::1 administrative 1 "2020-05-05 02:56:56" http://mabasan.kemdikbud.go.id/index.php/MABASAN/article/view/249 200 "Mozilla/5.0 (Windows NT 10.0; Win64; x64) AppleWebKit/537.36 (KHTML, like Gecko) Chrome/81.0.4044.129 Safari/537.36"
::1 administrative 1 "2020-05-05 02:56:58" http://mabasan.kemdikbud.go.id/index.php/MABASAN/article/view/249 200 "Mozilla/5.0 (Windows NT 10.0; Win64; x64) AppleWebKit/537.36 (KHTML, like Gecko) Chrome/81.0.4044.129 Safari/537.36"
::1 administrative 1 "2020-05-05 02:57:03" http://mabasan.kemdikbud.go.id/index.php/MABASAN/article/view/249 200 "Mozilla/5.0 (Windows NT 10.0; Win64; x64) AppleWebKit/537.36 (KHTML, like Gecko) Chrome/81.0.4044.129 Safari/537.36"
::1 administrative 1 "2020-05-05 02:57:12" http://mabasan.kemdikbud.go.id/index.php/MABASAN/article/view/249 200 "Mozilla/5.0 (Windows NT 10.0; Win64; x64) AppleWebKit/537.36 (KHTML, like Gecko) Chrome/81.0.4044.129 Safari/537.36"
::1 administrative 1 "2020-05-05 02:57:15" http://mabasan.kemdikbud.go.id/index.php/MABASAN/article/view/249 200 "Mozilla/5.0 (Windows NT 10.0; Win64; x64) AppleWebKit/537.36 (KHTML, like Gecko) Chrome/81.0.4044.129 Safari/537.36"
::1 administrative 1 "2020-05-05 02:57:24" http://mabasan.kemdikbud.go.id/index.php/MABASAN/article/view/249 200 "Mozilla/5.0 (Windows NT 10.0; Win64; x64) AppleWebKit/537.36 (KHTML, like Gecko) Chrome/81.0.4044.129 Safari/537.36"
::1 administrative 1 "2020-05-05 02:57:24" http://mabasan.kemdikbud.go.id/index.php/MABASAN/article/view/249 200 "Mozilla/5.0 (Windows NT 10.0; Win64; x64) AppleWebKit/537.36 (KHTML, like Gecko) Chrome/81.0.4044.129 Safari/537.36"
::1 - - "2020-05-05 03:01:35" http://mabasan.kemdikbud.go.id/index.php/MABASAN/article/view/249 200 "Mozilla/5.0 (Windows NT 10.0; Win64; x64) AppleWebKit/537.36 (KHTML, like Gecko) Chrome/81.0.4044.129 Safari/537.36"
::1 - - "2020-05-05 03:01:41" http://mabasan.kemdikbud.go.id/index.php/MABASAN/article/view/249 200 "Mozilla/5.0 (Windows NT 10.0; Win64; x64) AppleWebKit/537.36 (KHTML, like Gecko) Chrome/81.0.4044.129 Safari/537.36"
::1 - - "2020-05-05 03:01:43" http://mabasan.kemdikbud.go.id/index.php/MABASAN/article/view/249 200 "Mozilla/5.0 (Windows NT 10.0; Win64; x64) AppleWebKit/537.36 (KHTML, like Gecko) Chrome/81.0.4044.129 Safari/537.36"
::1 - - "2020-05-05 03:02:55" http://mabasan.kemdikbud.go.id/index.php/MABASAN/article/view/249 200 "Mozilla/5.0 (Windows NT 10.0; Win64; x64) AppleWebKit/537.36 (KHTML, like Gecko) Chrome/81.0.4044.129 Safari/537.36"
::1 - - "2020-05-05 03:02:59" http://mabasan.kemdikbud.go.id/index.php/MABASAN/article/view/249 200 "Mozilla/5.0 (Windows NT 10.0; Win64; x64) AppleWebKit/537.36 (KHTML, like Gecko) Chrome/81.0.4044.129 Safari/537.36"
::1 administrative 1 "2020-05-05 03:53:56" http://mabasan.kemdikbud.go.id/index.php/MABASAN/article/view/249 200 "Mozilla/5.0 (Windows NT 10.0; Win64; x64) AppleWebKit/537.36 (KHTML, like Gecko) Chrome/81.0.4044.129 Safari/537.36"
::1 - - "2020-05-05 04:47:49" http://mabasan.kemdikbud.go.id/index.php/MABASAN/index 200 "Mozilla/5.0 (Windows NT 10.0; Win64; x64) AppleWebKit/537.36 (KHTML, like Gecko) Chrome/81.0.4044.129 Safari/537.36"
::1 administrative 1 "2020-05-05 04:48:45" http://mabasan.kemdikbud.go.id/index.php/MABASAN/index 200 "Mozilla/5.0 (Windows NT 10.0; Win64; x64) AppleWebKit/537.36 (KHTML, like Gecko) Chrome/81.0.4044.129 Safari/537.36"
::1 administrative 1 "2020-05-05 04:51:03" http://mabasan.kemdikbud.go.id/index.php/MABASAN/index 200 "Mozilla/5.0 (Windows NT 10.0; Win64; x64) AppleWebKit/537.36 (KHTML, like Gecko) Chrome/81.0.4044.129 Safari/537.36"
::1 administrative 1 "2020-05-05 04:51:58" http://mabasan.kemdikbud.go.id/index.php/MABASAN/index 200 "Mozilla/5.0 (Windows NT 10.0; Win64; x64) AppleWebKit/537.36 (KHTML, like Gecko) Chrome/81.0.4044.129 Safari/537.36"
::1 administrative 1 "2020-05-05 04:53:27" http://mabasan.kemdikbud.go.id/index.php/MABASAN/index 200 "Mozilla/5.0 (Windows NT 10.0; Win64; x64) AppleWebKit/537.36 (KHTML, like Gecko) Chrome/81.0.4044.129 Safari/537.36"
::1 administrative 1 "2020-05-05 04:56:49" http://mabasan.kemdikbud.go.id/index.php/MABASAN/index 200 "Mozilla/5.0 (Windows NT 10.0; Win64; x64) AppleWebKit/537.36 (KHTML, like Gecko) Chrome/81.0.4044.129 Safari/537.36"
::1 administrative 1 "2020-05-05 04:57:23" http://mabasan.kemdikbud.go.id/index.php/MABASAN/index 200 "Mozilla/5.0 (Windows NT 10.0; Win64; x64) AppleWebKit/537.36 (KHTML, like Gecko) Chrome/81.0.4044.129 Safari/537.36"
::1 administrative 1 "2020-05-05 04:57:46" http://mabasan.kemdikbud.go.id/index.php/MABASAN/index 200 "Mozilla/5.0 (Windows NT 10.0; Win64; x64) AppleWebKit/537.36 (KHTML, like Gecko) Chrome/81.0.4044.129 Safari/537.36"
::1 administrative 1 "2020-05-05 04:57:56" http://mabasan.kemdikbud.go.id/index.php/MABASAN/article/download/249/241/766 200 "Mozilla/5.0 (Windows NT 10.0; Win64; x64) AppleWebKit/537.36 (KHTML, like Gecko) Chrome/81.0.4044.129 Safari/537.36"
::1 administrative 1 "2020-05-05 04:58:01" http://mabasan.kemdikbud.go.id/index.php/MABASAN/index 200 "Mozilla/5.0 (Windows NT 10.0; Win64; x64) AppleWebKit/537.36 (KHTML, like Gecko) Chrome/81.0.4044.129 Safari/537.36"
::1 administrative 1 "2020-05-05 05:00:52" http://mabasan.kemdikbud.go.id/index.php/MABASAN/index 200 "Mozilla/5.0 (Windows NT 10.0; Win64; x64) AppleWebKit/537.36 (KHTML, like Gecko) Chrome/81.0.4044.129 Safari/537.36"
::1 administrative 1 "2020-05-05 05:00:58" http://mabasan.kemdikbud.go.id/index.php/MABASAN/article/download/249/241/766 200 "Mozilla/5.0 (Windows NT 10.0; Win64; x64) AppleWebKit/537.36 (KHTML, like Gecko) Chrome/81.0.4044.129 Safari/537.36"
::1 administrative 1 "2020-05-05 05:01:11" http://mabasan.kemdikbud.go.id/index.php/MABASAN/article/download/249/241/766 200 "Mozilla/5.0 (Windows NT 10.0; Win64; x64) AppleWebKit/537.36 (KHTML, like Gecko) Chrome/81.0.4044.129 Safari/537.36"
